{"/Users/evan/Documents/not-telstra/projects/apigee-aws-sdk/lib/helpers/signRequest.js": {"path":"/Users/evan/Documents/not-telstra/projects/apigee-aws-sdk/lib/helpers/signRequest.js","statementMap":{"0":{"start":{"line":1,"column":13},"end":{"line":1,"column":40}},"1":{"start":{"line":2,"column":17},"end":{"line":2,"column":49}},"2":{"start":{"line":5,"column":16},"end":{"line":5,"column":41}},"3":{"start":{"line":6,"column":13},"end":{"line":6,"column":38}},"4":{"start":{"line":7,"column":20},"end":{"line":7,"column":51}},"5":{"start":{"line":8,"column":16},"end":{"line":8,"column":36}},"6":{"start":{"line":10,"column":25},"end":{"line":16,"column":3}},"7":{"start":{"line":18,"column":21},"end":{"line":23,"column":3}},"8":{"start":{"line":25,"column":18},"end":{"line":31,"column":3}},"9":{"start":{"line":33,"column":2},"end":{"line":40,"column":4}},"10":{"start":{"line":44,"column":2},"end":{"line":51,"column":15}},"11":{"start":{"line":55,"column":2},"end":{"line":69,"column":16}},"12":{"start":{"line":57,"column":6},"end":{"line":57,"column":56}},"13":{"start":{"line":60,"column":6},"end":{"line":67,"column":8}},"14":{"start":{"line":73,"column":2},"end":{"line":78,"column":15}},"15":{"start":{"line":88,"column":14},"end":{"line":88,"column":64}},"16":{"start":{"line":89,"column":16},"end":{"line":89,"column":41}},"17":{"start":{"line":90,"column":17},"end":{"line":90,"column":45}},"18":{"start":{"line":91,"column":17},"end":{"line":91,"column":53}},"19":{"start":{"line":93,"column":2},"end":{"line":93,"column":44}},"20":{"start":{"line":104,"column":2},"end":{"line":114,"column":4}},"21":{"start":{"line":118,"column":2},"end":{"line":118,"column":77}},"22":{"start":{"line":122,"column":2},"end":{"line":122,"column":32}},"23":{"start":{"line":126,"column":2},"end":{"line":131,"column":15}},"24":{"start":{"line":128,"column":6},"end":{"line":128,"column":31}},"25":{"start":{"line":134,"column":0},"end":{"line":134,"column":29}}},"fnMap":{"0":{"name":"signRequest","decl":{"start":{"line":4,"column":9},"end":{"line":4,"column":20}},"loc":{"start":{"line":4,"column":29},"end":{"line":41,"column":1}},"line":4},"1":{"name":"_createCanonicalRequest","decl":{"start":{"line":43,"column":9},"end":{"line":43,"column":32}},"loc":{"start":{"line":43,"column":78},"end":{"line":52,"column":1}},"line":43},"2":{"name":"_createCanonicalHeaders","decl":{"start":{"line":54,"column":9},"end":{"line":54,"column":32}},"loc":{"start":{"line":54,"column":42},"end":{"line":70,"column":1}},"line":54},"3":{"name":"(anonymous_3)","decl":{"start":{"line":56,"column":10},"end":{"line":56,"column":11}},"loc":{"start":{"line":56,"column":25},"end":{"line":58,"column":5}},"line":56},"4":{"name":"(anonymous_4)","decl":{"start":{"line":59,"column":9},"end":{"line":59,"column":10}},"loc":{"start":{"line":59,"column":23},"end":{"line":68,"column":5}},"line":59},"5":{"name":"_createStringToSign","decl":{"start":{"line":72,"column":9},"end":{"line":72,"column":28}},"loc":{"start":{"line":72,"column":74},"end":{"line":79,"column":1}},"line":72},"6":{"name":"_calculateSignature","decl":{"start":{"line":81,"column":9},"end":{"line":81,"column":28}},"loc":{"start":{"line":87,"column":2},"end":{"line":94,"column":1}},"line":87},"7":{"name":"_constructResponse","decl":{"start":{"line":96,"column":9},"end":{"line":96,"column":27}},"loc":{"start":{"line":103,"column":2},"end":{"line":115,"column":1}},"line":103},"8":{"name":"_buildCredentialScope","decl":{"start":{"line":117,"column":9},"end":{"line":117,"column":30}},"loc":{"start":{"line":117,"column":58},"end":{"line":119,"column":1}},"line":117},"9":{"name":"_getDate","decl":{"start":{"line":121,"column":9},"end":{"line":121,"column":17}},"loc":{"start":{"line":121,"column":28},"end":{"line":123,"column":1}},"line":121},"10":{"name":"_createSignedHeaders","decl":{"start":{"line":125,"column":9},"end":{"line":125,"column":29}},"loc":{"start":{"line":125,"column":39},"end":{"line":132,"column":1}},"line":125},"11":{"name":"(anonymous_11)","decl":{"start":{"line":127,"column":9},"end":{"line":127,"column":10}},"loc":{"start":{"line":127,"column":23},"end":{"line":129,"column":5}},"line":127}},"branchMap":{"0":{"loc":{"start":{"line":7,"column":20},"end":{"line":7,"column":51}},"type":"binary-expr","locations":[{"start":{"line":7,"column":20},"end":{"line":7,"column":45}},{"start":{"line":7,"column":49},"end":{"line":7,"column":51}}],"line":7},"1":{"loc":{"start":{"line":8,"column":16},"end":{"line":8,"column":36}},"type":"binary-expr","locations":[{"start":{"line":8,"column":16},"end":{"line":8,"column":30}},{"start":{"line":8,"column":34},"end":{"line":8,"column":36}}],"line":8},"2":{"loc":{"start":{"line":57,"column":13},"end":{"line":57,"column":55}},"type":"cond-expr","locations":[{"start":{"line":57,"column":49},"end":{"line":57,"column":51}},{"start":{"line":57,"column":54},"end":{"line":57,"column":55}}],"line":57}},"s":{"0":2,"1":2,"2":3,"3":3,"4":3,"5":3,"6":3,"7":3,"8":3,"9":3,"10":3,"11":3,"12":8,"13":11,"14":3,"15":3,"16":3,"17":3,"18":3,"19":3,"20":3,"21":6,"22":9,"23":6,"24":22,"25":2},"f":{"0":3,"1":3,"2":3,"3":8,"4":11,"5":3,"6":3,"7":3,"8":6,"9":9,"10":6,"11":22},"b":{"0":[3,2],"1":[3,1],"2":[7,1]},"_coverageSchema":"43e27e138ebf9cfc5966b082cf9a028302ed4184","hash":"25946a1b6e82f67eb614fbd7c8eb76263fa8f8d2"}
,"/Users/evan/Documents/not-telstra/projects/apigee-aws-sdk/lib/modules/lambda.js": {"path":"/Users/evan/Documents/not-telstra/projects/apigee-aws-sdk/lib/modules/lambda.js","statementMap":{"0":{"start":{"line":1,"column":18},"end":{"line":1,"column":51}},"1":{"start":{"line":4,"column":2},"end":{"line":4,"column":41}},"2":{"start":{"line":5,"column":2},"end":{"line":5,"column":49}},"3":{"start":{"line":6,"column":2},"end":{"line":6,"column":31}},"4":{"start":{"line":9,"column":0},"end":{"line":60,"column":2}},"5":{"start":{"line":10,"column":17},"end":{"line":10,"column":27}},"6":{"start":{"line":11,"column":15},"end":{"line":11,"column":21}},"7":{"start":{"line":12,"column":13},"end":{"line":12,"column":55}},"8":{"start":{"line":13,"column":13},"end":{"line":13,"column":76}},"9":{"start":{"line":15,"column":17},"end":{"line":15,"column":27}},"10":{"start":{"line":16,"column":2},"end":{"line":16,"column":65}},"11":{"start":{"line":18,"column":16},"end":{"line":23,"column":3}},"12":{"start":{"line":25,"column":22},"end":{"line":35,"column":4}},"13":{"start":{"line":37,"column":2},"end":{"line":37,"column":40}},"14":{"start":{"line":40,"column":13},"end":{"line":40,"column":33}},"15":{"start":{"line":41,"column":2},"end":{"line":41,"column":51}},"16":{"start":{"line":42,"column":2},"end":{"line":44,"column":5}},"17":{"start":{"line":43,"column":4},"end":{"line":43,"column":51}},"18":{"start":{"line":46,"column":2},"end":{"line":50,"column":3}},"19":{"start":{"line":47,"column":4},"end":{"line":47,"column":30}},"20":{"start":{"line":49,"column":4},"end":{"line":49,"column":33}},"21":{"start":{"line":52,"column":2},"end":{"line":59,"column":5}},"22":{"start":{"line":62,"column":0},"end":{"line":62,"column":24}}},"fnMap":{"0":{"name":"Lambda","decl":{"start":{"line":3,"column":9},"end":{"line":3,"column":15}},"loc":{"start":{"line":3,"column":25},"end":{"line":7,"column":1}},"line":3},"1":{"name":"(anonymous_1)","decl":{"start":{"line":9,"column":26},"end":{"line":9,"column":27}},"loc":{"start":{"line":9,"column":53},"end":{"line":60,"column":1}},"line":9},"2":{"name":"(anonymous_2)","decl":{"start":{"line":42,"column":31},"end":{"line":42,"column":32}},"loc":{"start":{"line":42,"column":48},"end":{"line":44,"column":3}},"line":42}},"branchMap":{"0":{"loc":{"start":{"line":55,"column":6},"end":{"line":55,"column":67}},"type":"binary-expr","locations":[{"start":{"line":55,"column":6},"end":{"line":55,"column":54}},{"start":{"line":55,"column":58},"end":{"line":55,"column":67}}],"line":55},"1":{"loc":{"start":{"line":56,"column":19},"end":{"line":56,"column":78}},"type":"binary-expr","locations":[{"start":{"line":56,"column":19},"end":{"line":56,"column":65}},{"start":{"line":56,"column":69},"end":{"line":56,"column":78}}],"line":56},"2":{"loc":{"start":{"line":57,"column":15},"end":{"line":57,"column":70}},"type":"binary-expr","locations":[{"start":{"line":57,"column":15},"end":{"line":57,"column":57}},{"start":{"line":57,"column":61},"end":{"line":57,"column":70}}],"line":57}},"s":{"0":1,"1":1,"2":1,"3":1,"4":1,"5":2,"6":2,"7":2,"8":2,"9":2,"10":2,"11":2,"12":2,"13":2,"14":2,"15":2,"16":2,"17":10,"18":2,"19":2,"20":1,"21":1,"22":1},"f":{"0":1,"1":2,"2":10},"b":{"0":[1,0],"1":[1,0],"2":[1,0]},"_coverageSchema":"43e27e138ebf9cfc5966b082cf9a028302ed4184","hash":"ab729f3868f76cfff35a16bc02fb88fc91d69824"}
}
