TN:
SF:/Users/evan/Documents/not-telstra/projects/apigee-aws-sdk/lib/helpers/signRequest.js
FN:4,signRequest
FN:43,_createCanonicalRequest
FN:54,_createCanonicalHeaders
FN:56,(anonymous_3)
FN:59,(anonymous_4)
FN:72,_createStringToSign
FN:81,_calculateSignature
FN:96,_constructResponse
FN:117,_buildCredentialScope
FN:121,_getDate
FN:125,_createSignedHeaders
FN:127,(anonymous_11)
FNF:12
FNH:12
FNDA:3,signRequest
FNDA:3,_createCanonicalRequest
FNDA:3,_createCanonicalHeaders
FNDA:8,(anonymous_3)
FNDA:11,(anonymous_4)
FNDA:3,_createStringToSign
FNDA:3,_calculateSignature
FNDA:3,_constructResponse
FNDA:6,_buildCredentialScope
FNDA:9,_getDate
FNDA:6,_createSignedHeaders
FNDA:22,(anonymous_11)
DA:1,2
DA:2,2
DA:5,3
DA:6,3
DA:7,3
DA:8,3
DA:10,3
DA:18,3
DA:25,3
DA:33,3
DA:44,3
DA:55,3
DA:57,8
DA:60,11
DA:73,3
DA:88,3
DA:89,3
DA:90,3
DA:91,3
DA:93,3
DA:104,3
DA:118,6
DA:122,9
DA:126,6
DA:128,22
DA:134,2
LF:26
LH:26
BRDA:7,0,0,3
BRDA:7,0,1,2
BRDA:8,1,0,3
BRDA:8,1,1,1
BRDA:57,2,0,7
BRDA:57,2,1,1
BRF:6
BRH:6
end_of_record
TN:
SF:/Users/evan/Documents/not-telstra/projects/apigee-aws-sdk/lib/modules/lambda.js
FN:3,Lambda
FN:9,(anonymous_1)
FN:42,(anonymous_2)
FNF:3
FNH:3
FNDA:1,Lambda
FNDA:2,(anonymous_1)
FNDA:10,(anonymous_2)
DA:1,1
DA:4,1
DA:5,1
DA:6,1
DA:9,1
DA:10,2
DA:11,2
DA:12,2
DA:13,2
DA:15,2
DA:16,2
DA:18,2
DA:25,2
DA:37,2
DA:40,2
DA:41,2
DA:42,2
DA:43,10
DA:46,2
DA:47,2
DA:49,1
DA:52,1
DA:62,1
LF:23
LH:23
BRDA:55,0,0,1
BRDA:55,0,1,0
BRDA:56,1,0,1
BRDA:56,1,1,0
BRDA:57,2,0,1
BRDA:57,2,1,0
BRF:6
BRH:3
end_of_record
